#
# There is insufficient memory for the Java Runtime Environment to continue.
# Native memory allocation (malloc) failed to allocate 48368 bytes for Chunk::new
# Possible reasons:
#   The system is out of physical RAM or swap space
#   In 32 bit mode, the process size limit was hit
# Possible solutions:
#   Reduce memory load on the system
#   Increase physical memory or swap space
#   Check if swap backing store is full
#   Use 64 bit Java on a 64 bit OS
#   Decrease Java heap size (-Xmx/-Xms)
#   Decrease number of Java threads
#   Decrease Java thread stack sizes (-Xss)
#   Set larger code cache with -XX:ReservedCodeCacheSize=
# This output file may be truncated or incomplete.
#
#  Out of Memory Error (allocation.cpp:390), pid=20128, tid=20152
#
# JRE version: Java(TM) SE Runtime Environment (8.0_73-b02) (build 1.8.0_73-b02)
# Java VM: Java HotSpot(TM) 64-Bit Server VM (25.73-b02 mixed mode windows-amd64 compressed oops)
# Failed to write core dump. Minidumps are not enabled by default on client versions of Windows
#

---------------  T H R E A D  ---------------

Current thread (0x0000000001f80800):  JavaThread "main" [_thread_in_native, id=20152, stack(0x0000000001dc0000,0x0000000001ec0000)]

Stack: [0x0000000001dc0000,0x0000000001ec0000]
[error occurred during error reporting (printing stack bounds), id 0xc0000005]

Native frames: (J=compiled Java code, j=interpreted, Vv=VM code, C=native code)

Java frames: (J=compiled Java code, j=interpreted, Vv=VM code)
j  javax.swing.UIManager.setLookAndFeel(Ljava/lang/String;)V+9
j  javax.swing.UIManager.initializeDefaultLAF(Ljava/util/Properties;)V+55
j  javax.swing.UIManager.initialize()V+9
j  javax.swing.UIManager.maybeInitialize()V+22
j  javax.swing.UIManager.getUI(Ljavax/swing/JComponent;)Ljavax/swing/plaf/ComponentUI;+0
j  javax.swing.JPanel.updateUI()V+2
j  javax.swing.JPanel.<init>(Ljava/awt/LayoutManager;Z)V+24
j  javax.swing.JPanel.<init>(Z)V+9
j  javax.swing.JPanel.<init>()V+2
j  javax.swing.JRootPane.createGlassPane()Ljava/awt/Component;+4
j  javax.swing.JRootPane.<init>()V+11
j  javax.swing.JFrame.createRootPane()Ljavax/swing/JRootPane;+4
j  javax.swing.JFrame.frameInit()V+16
j  javax.swing.JFrame.<init>(Ljava/lang/String;)V+21
j  com.assignment.Assignment.Screen.<init>(Ljava/lang/String;)V+2
j  com.assignment.Assignment.Control.main([Ljava/lang/String;)V+6
v  ~StubRoutines::call_stub

---------------  P R O C E S S  ---------------

Java Threads: ( => current thread )
  0x0000000018951800 JavaThread "AWT-Windows" daemon [_thread_in_native, id=20220, stack(0x0000000018f40000,0x0000000019040000)]
  0x00000000188a5000 JavaThread "AWT-Shutdown" [_thread_blocked, id=20216, stack(0x0000000018e40000,0x0000000018f40000)]
  0x00000000188a2000 JavaThread "Java2D Disposer" daemon [_thread_blocked, id=20212, stack(0x0000000018c50000,0x0000000018d50000)]
  0x000000001859c000 JavaThread "Service Thread" daemon [_thread_blocked, id=20204, stack(0x0000000018970000,0x0000000018a70000)]
  0x0000000016d25800 JavaThread "C1 CompilerThread2" daemon [_thread_blocked, id=20200, stack(0x0000000018470000,0x0000000018570000)]
  0x0000000016d21000 JavaThread "C2 CompilerThread1" daemon [_thread_blocked, id=20196, stack(0x0000000018370000,0x0000000018470000)]
  0x0000000016d1c000 JavaThread "C2 CompilerThread0" daemon [_thread_blocked, id=20192, stack(0x0000000018270000,0x0000000018370000)]
  0x0000000016d1a000 JavaThread "Attach Listener" daemon [_thread_blocked, id=20188, stack(0x0000000018170000,0x0000000018270000)]
  0x0000000016d19000 JavaThread "Signal Dispatcher" daemon [_thread_blocked, id=20184, stack(0x0000000018070000,0x0000000018170000)]
  0x0000000002075800 JavaThread "Finalizer" daemon [_thread_blocked, id=20180, stack(0x0000000017f70000,0x0000000018070000)]
  0x000000000206d800 JavaThread "Reference Handler" daemon [_thread_blocked, id=20176, stack(0x0000000017e70000,0x0000000017f70000)]
=>0x0000000001f80800 JavaThread "main" [_thread_in_native, id=20152, stack(0x0000000001dc0000,0x0000000001ec0000)]

Other Threads:
  0x0000000016ce7800 VMThread [stack: 0x0000000017d70000,0x0000000017e70000] [id=20172]
  0x00000000185ab800 WatcherThread [stack: 0x0000000018a70000,0x0000000018b70000] [id=20208]

VM state:not at safepoint (normal execution)

VM Mutex/Monitor currently owned by a thread: None

Heap:
 PSYoungGen      total 38400K, used 4660K [0x00000000d5980000, 0x00000000d8400000, 0x0000000100000000)
  eden space 33280K, 14% used [0x00000000d5980000,0x00000000d5e0d218,0x00000000d7a00000)
  from space 5120K, 0% used [0x00000000d7f00000,0x00000000d7f00000,0x00000000d8400000)
  to   space 5120K, 0% used [0x00000000d7a00000,0x00000000d7a00000,0x00000000d7f00000)
 ParOldGen       total 87552K, used 0K [0x0000000080c00000, 0x0000000086180000, 0x00000000d5980000)
  object space 87552K, 0% used [0x0000000080c00000,0x0000000080c00000,0x0000000086180000)
 Metaspace       used 5981K, capacity 6156K, committed 6272K, reserved 1060864K
  class space    used 707K, capacity 793K, committed 896K, reserved 1048576K

Card table byte_map: [0x0000000011530000,0x0000000011930000] byte_map_base: 0x000000001112a000

Marking Bits: (ParMarkBitMap*) 0x0000000066ee0600
 Begin Bits: [0x0000000011fe0000, 0x0000000013fb0000)
 End Bits:   [0x0000000013fb0000, 0x0000000015f80000)

Polling page: 0x0000000000520000

CodeCache: size=245760Kb used=1550Kb max_used=1550Kb free=244209Kb
 bounds [0x0000000002170000, 0x00000000023e0000, 0x0000000011170000]
 total_blobs=583 nmethods=241 adapters=255
 compilation: enabled

Compilation events (10 events):
Event: 0.182 Thread 0x0000000016d25800  237       3       java.util.HashMap::get (23 bytes)
Event: 0.182 Thread 0x0000000016d25800 nmethod 237 0x00000000022f1e50 code [0x00000000022f1fe0, 0x00000000022f23d8]
Event: 0.182 Thread 0x0000000016d25800  239       3       java.util.HashMap$HashIterator::nextNode (100 bytes)
Event: 0.182 Thread 0x0000000016d25800 nmethod 239 0x00000000022f2550 code [0x00000000022f2700, 0x00000000022f2b98]
Event: 0.182 Thread 0x0000000016d25800  241       3       java.util.IdentityHashMap$IdentityHashMapIterator::hasNext (50 bytes)
Event: 0.183 Thread 0x0000000016d25800 nmethod 241 0x00000000022f2d90 code [0x00000000022f2f00, 0x00000000022f3190]
Event: 0.183 Thread 0x0000000016d25800  238       3       java.util.AbstractCollection::<init> (5 bytes)
Event: 0.183 Thread 0x0000000016d25800 nmethod 238 0x00000000022f3290 code [0x00000000022f33e0, 0x00000000022f3590]
Event: 0.183 Thread 0x0000000016d25800  240       1       java.util.concurrent.atomic.AtomicInteger::get (5 bytes)
Event: 0.183 Thread 0x0000000016d25800 nmethod 240 0x00000000022f3650 code [0x00000000022f37a0, 0x00000000022f38b0]

GC Heap History (0 events):
No events

Deoptimization events (0 events):
No events

Internal exceptions (10 events):
Event: 0.035 Thread 0x0000000001f80800 Exception <a 'java/lang/NoSuchMethodError': Method sun.misc.Unsafe.defineClass(Ljava/lang/String;[BII)Ljava/lang/Class; name or signature does not match> (0x00000000d598cf88) thrown at [D:\re\puppet\workspace\8-2-build-windows-amd64-cygwin\jdk8u73\6086\hotCÍ¡¢?
Event: 0.035 Thread 0x0000000001f80800 Exception <a 'java/lang/NoSuchMethodError': Method sun.misc.Unsafe.prefetchRead(Ljava/lang/Object;J)V name or signature does not match> (0x00000000d598d270) thrown at [D:\re\puppet\workspace\8-2-build-windows-amd64-cygwin\jdk8u73\6086\hotspot\src\share\vm\µofwŒK´?
Event: 0.079 Thread 0x0000000001f80800 Exception <a 'java/security/PrivilegedActionException'> (0x00000000d5a06b18) thrown at [D:\re\puppet\workspace\8-2-build-windows-amd64-cygwin\jdk8u73\6086\hotspot\src\share\vm\prims\jvm.cpp, line 1386]
Event: 0.079 Thread 0x0000000001f80800 Exception <a 'java/security/PrivilegedActionException'> (0x00000000d5a06d28) thrown at [D:\re\puppet\workspace\8-2-build-windows-amd64-cygwin\jdk8u73\6086\hotspot\src\share\vm\prims\jvm.cpp, line 1386]
Event: 0.080 Thread 0x0000000001f80800 Exception <a 'java/security/PrivilegedActionException'> (0x00000000d5a0a8d0) thrown at [D:\re\puppet\workspace\8-2-build-windows-amd64-cygwin\jdk8u73\6086\hotspot\src\share\vm\prims\jvm.cpp, line 1386]
Event: 0.080 Thread 0x0000000001f80800 Exception <a 'java/security/PrivilegedActionException'> (0x00000000d5a0aae0) thrown at [D:\re\puppet\workspace\8-2-build-windows-amd64-cygwin\jdk8u73\6086\hotspot\src\share\vm\prims\jvm.cpp, line 1386]
Event: 0.083 Thread 0x0000000001f80800 Exception <a 'java/io/FileNotFoundException'> (0x00000000d5a0cfa8) thrown at [D:\re\puppet\workspace\8-2-build-windows-amd64-cygwin\jdk8u73\6086\hotspot\src\share\vm\prims\jni.cpp, line 709]
Event: 0.106 Thread 0x0000000001f80800 Exception <a 'java/lang/NoSuchFieldError': method resolution failed> (0x00000000d5c27b68) thrown at [D:\re\puppet\workspace\8-2-build-windows-amd64-cygwin\jdk8u73\6086\hotspot\src\share\vm\prims\methodHandles.cpp, line 1146]
Event: 0.107 Thread 0x0000000001f80800 Exception <a 'java/lang/NoSuchFieldError': method resolution failed> (0x00000000d5c34f38) thrown at [D:\re\puppet\workspace\8-2-build-windows-amd64-cygwin\jdk8u73\6086\hotspot\src\share\vm\prims\methodHandles.cpp, line 1146]
Event: 0.133 Thread 0x0000000001f80800 Exception <a 'java/io/FileNotFoundException'> (0x00000000d5cca5a8) thrown at [D:\re\puppet\workspace\8-2-build-windows-amd64-cygwin\jdk8u73\6086\hotspot\src\share\vm\prims\jni.cpp, line 709]

Events (10 events):
Event: 0.183 loading class javax/swing/UIManager$LAFState
Event: 0.183 loading class javax/swing/UIManager$LAFState done
Event: 0.183 loading class javax/swing/UIDefaults
Event: 0.183 loading class javax/swing/UIDefaults done
Event: 0.183 loading class javax/swing/MultiUIDefaults
Event: 0.183 loading class javax/swing/MultiUIDefaults done
Event: 0.183 loading class javax/swing/UIManager$1
Event: 0.183 loading class javax/swing/UIManager$1 done
Event: 0.183 loading class javax/swing/plaf/metal/MetalLookAndFeel
Event: 0.184 loading class javax/swing/plaf/basic/BasicLookAndFeel


Dynamic libraries:
0x00007ff7ec860000 - 0x00007ff7ec897000 	C:\Program Files\Java\jre1.8.0_73\bin\javaw.exe
0x00007fff64ff0000 - 0x00007fff651b1000 	C:\WINDOWS\SYSTEM32\ntdll.dll
0x00007fff64f40000 - 0x00007fff64fed000 	C:\WINDOWS\system32\KERNEL32.DLL
0x00007fff61990000 - 0x00007fff61b78000 	C:\WINDOWS\system32\KERNELBASE.dll
0x00007fff62400000 - 0x00007fff624a7000 	C:\WINDOWS\system32\ADVAPI32.dll
0x00007fff630e0000 - 0x00007fff6317d000 	C:\WINDOWS\system32\msvcrt.dll
0x00007fff62cf0000 - 0x00007fff62d4b000 	C:\WINDOWS\system32\sechost.dll
0x00007fff64e20000 - 0x00007fff64f3c000 	C:\WINDOWS\system32\RPCRT4.dll
0x00007fff62510000 - 0x00007fff62666000 	C:\WINDOWS\system32\USER32.dll
0x00007fff62b60000 - 0x00007fff62ce6000 	C:\WINDOWS\system32\GDI32.dll
0x00007fff5d090000 - 0x00007fff5d304000 	C:\WINDOWS\WinSxS\amd64_microsoft.windows.common-controls_6595b64144ccf1df_6.0.10586.0_none_8c15ae12515e1c22\COMCTL32.dll
0x00007fff62730000 - 0x00007fff629ad000 	C:\WINDOWS\system32\combase.dll
0x00007fff61920000 - 0x00007fff6198a000 	C:\WINDOWS\system32\bcryptPrimitives.dll
0x00007fff62b20000 - 0x00007fff62b5b000 	C:\WINDOWS\system32\IMM32.DLL
0x0000000066500000 - 0x00000000665d2000 	C:\Program Files\Java\jre1.8.0_73\bin\msvcr100.dll
0x00000000666d0000 - 0x0000000066f60000 	C:\Program Files\Java\jre1.8.0_73\bin\server\jvm.dll
0x00007fff62670000 - 0x00007fff62678000 	C:\WINDOWS\system32\PSAPI.DLL
0x00007fff560f0000 - 0x00007fff560f9000 	C:\WINDOWS\SYSTEM32\WSOCK32.dll
0x00007fff63070000 - 0x00007fff630db000 	C:\WINDOWS\system32\WS2_32.dll
0x00007fff5fa40000 - 0x00007fff5fa63000 	C:\WINDOWS\SYSTEM32\WINMM.dll
0x00007fff5d750000 - 0x00007fff5d75a000 	C:\WINDOWS\SYSTEM32\VERSION.dll
0x00007fff5f9e0000 - 0x00007fff5fa0c000 	C:\WINDOWS\SYSTEM32\WINMMBASE.dll
0x00007fff623a0000 - 0x00007fff623e3000 	C:\WINDOWS\system32\cfgmgr32.dll
0x00000000666c0000 - 0x00000000666cf000 	C:\Program Files\Java\jre1.8.0_73\bin\verify.dll
0x0000000066690000 - 0x00000000666b9000 	C:\Program Files\Java\jre1.8.0_73\bin\java.dll
0x0000000066670000 - 0x0000000066686000 	C:\Program Files\Java\jre1.8.0_73\bin\zip.dll
0x00007fff63620000 - 0x00007fff64b7c000 	C:\WINDOWS\system32\SHELL32.dll
0x00007fff61d50000 - 0x00007fff62395000 	C:\WINDOWS\system32\windows.storage.dll
0x00007fff63190000 - 0x00007fff631e2000 	C:\WINDOWS\system32\shlwapi.dll
0x00007fff61690000 - 0x00007fff6169f000 	C:\WINDOWS\system32\kernel.appcore.dll
0x00007fff61b80000 - 0x00007fff61c35000 	C:\WINDOWS\system32\shcore.dll
0x00007fff61640000 - 0x00007fff6168b000 	C:\WINDOWS\system32\powrprof.dll
0x00007fff61620000 - 0x00007fff61634000 	C:\WINDOWS\system32\profapi.dll
0x0000000066360000 - 0x00000000664f8000 	C:\Program Files\Java\jre1.8.0_73\bin\awt.dll
0x00007fff64b80000 - 0x00007fff64c41000 	C:\WINDOWS\system32\OLEAUT32.dll
0x00007fff5fe00000 - 0x00007fff5fe79000 	C:\WINDOWS\system32\apphelp.dll
0x00007fff5f4e0000 - 0x00007fff5f502000 	C:\WINDOWS\system32\DWMAPI.DLL
0x00007fff60040000 - 0x00007fff600d6000 	C:\WINDOWS\system32\uxtheme.dll
0x00007fff62f10000 - 0x00007fff6306a000 	C:\WINDOWS\system32\MSCTF.dll
0x00007fff62dc0000 - 0x00007fff62f03000 	C:\WINDOWS\system32\ole32.dll
0x00007fff3aa40000 - 0x00007fff3ac50000 	C:\WINDOWS\system32\d3d9.dll
0x00007fff373b0000 - 0x00007fff382ef000 	C:\WINDOWS\SYSTEM32\nvd3dumx.dll
0x00007fff5ccc0000 - 0x00007fff5cda0000 	C:\Program Files (x86)\NVIDIA Corporation\3D Vision\nvSCPAPI64.dll
0x00007fff631f0000 - 0x00007fff63619000 	C:\WINDOWS\system32\SETUPAPI.dll

VM Arguments:
jvm_args: -Dfile.encoding=Cp1252 
java_command: com.assignment.Assignment.Control
java_class_path (initial): D:\Eclipse\eclipse files\assignment\bin
Launcher Type: SUN_STANDARD

Environment Variables:
PATH=C:/Program Files/Java/jre1.8.0_73/bin/server;C:/Program Files/Java/jre1.8.0_73/bin;C:/Program Files/Java/jre1.8.0_73/lib/amd64;C:\ProgramData\Oracle\Java\javapath;D:\Oracle\ORACLE\app\oracle\product\11.2.0\server\bin;D:\Java\jdk1.8.0_71\bin;C:\Program Files (x86)\Skype\Phone\;D:\Eclipse\eclipse;
USERNAME=April
OS=Windows_NT
PROCESSOR_IDENTIFIER=Intel64 Family 6 Model 60 Stepping 3, GenuineIntel



---------------  S Y S T E M  ---------------

OS: Windows 10.0 , 64 bit Build 10586 (10.0.10586.0)

CPU:total 4 (4 cores per cpu, 1 threads per core) family 6 model 60 stepping 3, cmov, cx8, fxsr, mmx, sse, sse2, sse3, ssse3, sse4.1, sse4.2, popcnt, avx, avx2, aes, clmul, erms, lzcnt, tsc, tscinvbit, bmi1, bmi2

Memory: 4k page, physical 8338452k(2276804k free), swap 22933136k(2432k free)

vm_info: Java HotSpot(TM) 64-Bit Server VM (25.73-b02) for windows-amd64 JRE (1.8.0_73-b02), built on Jan 29 2016 17:38:49 by "java_re" with MS VC++ 10.0 (VS2010)

time: Wed Apr 13 20:07:37 2016
elapsed time: 0 seconds (0d 0h 0m 0s)

